<?xml version="1.0" encoding="UTF-8"?>
<testsuite name="PasswordCheckerTest" tests="1" skipped="0" failures="0" errors="0" timestamp="2020-02-25T13:12:45" hostname="umuzi-admin" time="0.01">
  <properties/>
  <testcase name="testPassword_is_valid" classname="PasswordCheckerTest" time="0.01"/>
  <system-out><![CDATA[password should contain uppercase.
password should have at least one special case.
password should have at least one digit.
password should contain lowercase.
password should have at least one special case.
password should have at least one digit.
password should contain lowercase.
password should contain uppercase.
password should have at least one special case.
password should contain lowercase.
password should contain uppercase.
password should have at least one digit.
]]></system-out>
  <system-err><![CDATA[]]></system-err>
</testsuite>
